#
# There is insufficient memory for the Java Runtime Environment to continue.
# Native memory allocation (malloc) failed to allocate 132016 bytes for Chunk::new
# Possible reasons:
#   The system is out of physical RAM or swap space
#   In 32 bit mode, the process size limit was hit
# Possible solutions:
#   Reduce memory load on the system
#   Increase physical memory or swap space
#   Check if swap backing store is full
#   Use 64 bit Java on a 64 bit OS
#   Decrease Java heap size (-Xmx/-Xms)
#   Decrease number of Java threads
#   Decrease Java thread stack sizes (-Xss)
#   Set larger code cache with -XX:ReservedCodeCacheSize=
# This output file may be truncated or incomplete.
#
#  Out of Memory Error (allocation.cpp:390), pid=1388, tid=0x0000000000002dac
#
# JRE version: Java(TM) SE Runtime Environment (8.0_101-b13) (build 1.8.0_101-b13)
# Java VM: Java HotSpot(TM) 64-Bit Server VM (25.101-b13 mixed mode windows-amd64 compressed oops)
# Failed to write core dump. Minidumps are not enabled by default on client versions of Windows
#

---------------  T H R E A D  ---------------

Current thread (0x00000000198aa000):  JavaThread "C2 CompilerThread1" daemon [_thread_in_native, id=11692, stack(0x000000001a020000,0x000000001a120000)]

Stack: [0x000000001a020000,0x000000001a120000]
[error occurred during error reporting (printing stack bounds), id 0xc0000005]

Native frames: (J=compiled Java code, j=interpreted, Vv=VM code, C=native code)


Current CompileTask:
C2:4607739 17408       4       com.android.tools.r8.dex.DexParser$$Lambda$805/863504220::get (8 bytes)


---------------  P R O C E S S  ---------------

Java Threads: ( => current thread )
  0x000000001ea1a800 JavaThread "ForkJoinPool-3-worker-0" daemon [_thread_blocked, id=25336, stack(0x000000002b230000,0x000000002b330000)]
  0x000000001ea1c000 JavaThread "ForkJoinPool-3-worker-7" daemon [_thread_blocked, id=20184, stack(0x000000002b130000,0x000000002b230000)]
  0x000000001ea1a000 JavaThread "ForkJoinPool-3-worker-6" daemon [_thread_blocked, id=23168, stack(0x000000002b030000,0x000000002b130000)]
  0x000000001ea19000 JavaThread "ForkJoinPool-3-worker-5" daemon [_thread_blocked, id=15856, stack(0x000000002af30000,0x000000002b030000)]
  0x000000001ea10000 JavaThread "ForkJoinPool-3-worker-4" daemon [_thread_blocked, id=12900, stack(0x0000000028800000,0x0000000028900000)]
  0x000000001ea17000 JavaThread "ForkJoinPool-3-worker-3" daemon [_thread_blocked, id=23284, stack(0x0000000028700000,0x0000000028800000)]
  0x000000001ea0f800 JavaThread "ForkJoinPool-3-worker-2" daemon [_thread_blocked, id=22024, stack(0x00000000283e0000,0x00000000284e0000)]
  0x000000001ea16000 JavaThread "ForkJoinPool-3-worker-1" daemon [_thread_blocked, id=17840, stack(0x00000000282e0000,0x00000000283e0000)]
  0x000000001ea0e800 JavaThread "ForkJoinPool.commonPool-worker-7" daemon [_thread_blocked, id=25472, stack(0x00000000281e0000,0x00000000282e0000)]
  0x000000001ea15800 JavaThread "ForkJoinPool.commonPool-worker-6" daemon [_thread_blocked, id=5200, stack(0x00000000280e0000,0x00000000281e0000)]
  0x000000001ea14000 JavaThread "ForkJoinPool.commonPool-worker-5" daemon [_thread_blocked, id=24308, stack(0x0000000027fe0000,0x00000000280e0000)]
  0x000000001ea12800 JavaThread "ForkJoinPool.commonPool-worker-4" daemon [_thread_blocked, id=25072, stack(0x0000000027ee0000,0x0000000027fe0000)]
  0x000000001ea14800 JavaThread "ForkJoinPool.commonPool-worker-3" daemon [_thread_blocked, id=25508, stack(0x0000000027de0000,0x0000000027ee0000)]
  0x000000001ed3d000 JavaThread "ForkJoinPool.commonPool-worker-2" daemon [_thread_blocked, id=15808, stack(0x00000000276e0000,0x00000000277e0000)]
  0x000000001ed3c800 JavaThread "Cache worker for Java compile cache (D:\asdemo\report\report\.gradle\4.10.1\javaCompile)" [_thread_blocked, id=23144, stack(0x00000000275e0000,0x00000000276e0000)]
  0x000000001ed3b800 JavaThread "stdout" [_thread_in_native, id=24440, stack(0x00000000274e0000,0x00000000275e0000)]
  0x000000001ed3a000 JavaThread "stderr" [_thread_in_native, id=24520, stack(0x0000000026be0000,0x0000000026ce0000)]
  0x000000001ed39800 JavaThread "pool-6-thread-1" [_thread_blocked, id=20216, stack(0x00000000268e0000,0x00000000269e0000)]
  0x000000001ed3e000 JavaThread "Cache worker for Build Output Cleanup Cache (D:\asdemo\report\report\.gradle\buildOutputCleanup)" [_thread_blocked, id=20988, stack(0x00000000264d0000,0x00000000265d0000)]
  0x000000001ed3b000 JavaThread "Cache worker for task history cache (D:\asdemo\report\report\.gradle\4.10.1\taskHistory)" [_thread_blocked, id=23036, stack(0x00000000263d0000,0x00000000264d0000)]
  0x000000001ed31800 JavaThread "Task worker for ':' Thread 7" [_thread_blocked, id=23184, stack(0x00000000262d0000,0x00000000263d0000)]
  0x000000001ed38800 JavaThread "Task worker for ':' Thread 6" [_thread_blocked, id=5396, stack(0x00000000261d0000,0x00000000262d0000)]
  0x000000001ed37800 JavaThread "Task worker for ':' Thread 5" [_thread_blocked, id=22184, stack(0x00000000260d0000,0x00000000261d0000)]
  0x000000001ed30000 JavaThread "Task worker for ':' Thread 4" [_thread_blocked, id=21116, stack(0x0000000025fd0000,0x00000000260d0000)]
  0x000000001ed37000 JavaThread "Task worker for ':' Thread 3" [_thread_blocked, id=22988, stack(0x0000000025ed0000,0x0000000025fd0000)]
  0x000000001ed33000 JavaThread "Task worker for ':' Thread 2" [_thread_blocked, id=3060, stack(0x00000000256d0000,0x00000000257d0000)]
  0x000000001ed31000 JavaThread "Task worker for ':'" [_thread_blocked, id=9444, stack(0x00000000255d0000,0x00000000256d0000)]
  0x000000001ed2f800 JavaThread "Cache worker for file content cache (D:\asdemo\report\report\.gradle\4.10.1\fileContent)" [_thread_blocked, id=23520, stack(0x00000000252d0000,0x00000000253d0000)]
  0x000000001ed36000 JavaThread "Build operations Thread 8" [_thread_blocked, id=23080, stack(0x0000000023fb0000,0x00000000240b0000)]
  0x000000001ed35800 JavaThread "Build operations Thread 7" [_thread_blocked, id=23228, stack(0x0000000023ab0000,0x0000000023bb0000)]
  0x000000001ed34800 JavaThread "Build operations Thread 6" [_thread_blocked, id=23912, stack(0x00000000239b0000,0x0000000023ab0000)]
  0x000000001ed34000 JavaThread "Build operations Thread 5" [_thread_blocked, id=25064, stack(0x00000000238b0000,0x00000000239b0000)]
  0x000000001ed32800 JavaThread "Build operations Thread 4" [_thread_blocked, id=21624, stack(0x0000000023450000,0x0000000023550000)]
  0x000000001bdac800 JavaThread "Build operations Thread 3" [_thread_blocked, id=20992, stack(0x0000000023350000,0x0000000023450000)]
  0x000000001bdab800 JavaThread "Build operations Thread 2" [_thread_blocked, id=9800, stack(0x0000000021de0000,0x0000000021ee0000)]
  0x000000001bdab000 JavaThread "Build operations" [_thread_blocked, id=23876, stack(0x0000000021ce0000,0x0000000021de0000)]
  0x000000001bdaa000 JavaThread "Cache worker for cache directory md-rule (C:\Users\Administrator.B40FD011907028\.gradle\caches\4.10.1\md-rule)" [_thread_blocked, id=25468, stack(0x0000000021ae0000,0x0000000021be0000)]
  0x000000001bda8800 JavaThread "Cache worker for cache directory md-supplier (C:\Users\Administrator.B40FD011907028\.gradle\caches\4.10.1\md-supplier)" [_thread_blocked, id=24304, stack(0x000000001e170000,0x000000001e270000)]
  0x000000001bda1000 JavaThread "Cache worker for file hash cache (D:\asdemo\report\report\.gradle\4.10.1\fileHashes)" [_thread_blocked, id=1032, stack(0x000000001cca0000,0x000000001cda0000)]
  0x000000001bda8000 JavaThread "Stdin handler" [_thread_blocked, id=22816, stack(0x000000001cba0000,0x000000001cca0000)]
  0x000000001bda0800 JavaThread "Asynchronous log dispatcher for DefaultDaemonConnection: socket connection from /127.0.0.1:57276 to /127.0.0.1:58562" [_thread_blocked, id=18972, stack(0x000000001c8a0000,0x000000001c9a0000)]
  0x000000001bda6800 JavaThread "Daemon worker Thread 6" [_thread_blocked, id=9760, stack(0x000000001c5a0000,0x000000001c6a0000)]
  0x000000001bd9e800 JavaThread "Cancel handler" [_thread_blocked, id=21620, stack(0x0000000000ab0000,0x0000000000bb0000)]
  0x000000001bda5000 JavaThread "Handler for socket connection from /127.0.0.1:57276 to /127.0.0.1:58562" [_thread_in_native, id=7440, stack(0x00000000009b0000,0x0000000000ab0000)]
  0x000000001bda4000 JavaThread "Daemon Thread 6" [_thread_blocked, id=22900, stack(0x00000000007c0000,0x00000000008c0000)]
  0x000000001bdad000 JavaThread "Cache worker for Java compile cache (C:\Users\Administrator.B40FD011907028\.gradle\caches\4.10.1\javaCompile)" [_thread_blocked, id=4004, stack(0x0000000026720000,0x0000000026820000)]
  0x000000001ea17800 JavaThread "Cache worker for file content cache (C:\Users\Administrator.B40FD011907028\.gradle\caches\4.10.1\fileContent)" [_thread_blocked, id=20360, stack(0x00000000254d0000,0x00000000255d0000)]
  0x000000001ea1d800 JavaThread "Memory manager" [_thread_blocked, id=20516, stack(0x00000000253d0000,0x00000000254d0000)]
  0x000000001ea11800 JavaThread "pool-1-thread-1" [_thread_blocked, id=20000, stack(0x000000001f340000,0x000000001f440000)]
  0x000000001bda3800 JavaThread "Cache worker for Artifact transforms cache (C:\Users\Administrator.B40FD011907028\.gradle\caches\transforms-1)" [_thread_blocked, id=22472, stack(0x0000000021be0000,0x0000000021ce0000)]
  0x00000000198b9000 JavaThread "Cache worker for journal cache (C:\Users\Administrator.B40FD011907028\.gradle\caches\journal-1)" [_thread_blocked, id=23452, stack(0x000000001f240000,0x000000001f340000)]
  0x00000000198bc800 JavaThread "File lock request listener" [_thread_in_native, id=23128, stack(0x000000001e070000,0x000000001e170000)]
  0x00000000198ba800 JavaThread "Cache worker for file hash cache (C:\Users\Administrator.B40FD011907028\.gradle\caches\4.10.1\fileHashes)" [_thread_blocked, id=16776, stack(0x000000001df70000,0x000000001e070000)]
  0x000000001ba1c000 JavaThread "Daemon periodic checks" [_thread_blocked, id=23176, stack(0x000000001c4a0000,0x000000001c5a0000)]
  0x000000001ba37000 JavaThread "Incoming local TCP Connector on port 57276" [_thread_in_native, id=17536, stack(0x000000001c2f0000,0x000000001c3f0000)]
  0x000000001b01e000 JavaThread "Daemon health stats" [_thread_blocked, id=15168, stack(0x000000001bff0000,0x000000001c0f0000)]
  0x00000000198f5800 JavaThread "Service Thread" daemon [_thread_blocked, id=11652, stack(0x000000001a320000,0x000000001a420000)]
  0x00000000198b7800 JavaThread "C1 CompilerThread3" daemon [_thread_in_vm, id=22096, stack(0x000000001a220000,0x000000001a320000)]
  0x00000000198b1000 JavaThread "C2 CompilerThread2" daemon [_thread_in_native, id=22300, stack(0x000000001a120000,0x000000001a220000)]
=>0x00000000198aa000 JavaThread "C2 CompilerThread1" daemon [_thread_in_native, id=11692, stack(0x000000001a020000,0x000000001a120000)]
  0x000000001795a000 JavaThread "C2 CompilerThread0" daemon [_thread_in_native, id=19212, stack(0x0000000019f20000,0x000000001a020000)]
  0x00000000198a6800 JavaThread "Attach Listener" daemon [_thread_blocked, id=19996, stack(0x0000000019e20000,0x0000000019f20000)]
  0x000000001985b000 JavaThread "Signal Dispatcher" daemon [_thread_blocked, id=18240, stack(0x0000000019d20000,0x0000000019e20000)]
  0x000000001794d800 JavaThread "Finalizer" daemon [_thread_blocked, id=8672, stack(0x0000000019c20000,0x0000000019d20000)]
  0x0000000003b85000 JavaThread "Reference Handler" daemon [_thread_blocked, id=23356, stack(0x0000000019720000,0x0000000019820000)]
  0x0000000003a8e000 JavaThread "main" [_thread_blocked, id=8360, stack(0x00000000038f0000,0x00000000039f0000)]

Other Threads:
  0x0000000017949000 VMThread [stack: 0x0000000019620000,0x0000000019720000] [id=15200]
  0x00000000198f8800 WatcherThread [stack: 0x000000001a420000,0x000000001a520000] [id=20420]

VM state:not at safepoint (normal execution)

VM Mutex/Monitor currently owned by a thread: None

Heap:
 PSYoungGen      total 286208K, used 107683K [0x00000000e0000000, 0x00000000f8a80000, 0x0000000100000000)
  eden space 216064K, 49% used [0x00000000e0000000,0x00000000e6928e10,0x00000000ed300000)
  from space 70144K, 0% used [0x00000000ed300000,0x00000000ed300000,0x00000000f1780000)
  to   space 68096K, 0% used [0x00000000f4800000,0x00000000f4800000,0x00000000f8a80000)
 ParOldGen       total 189952K, used 49768K [0x00000000a0000000, 0x00000000ab980000, 0x00000000e0000000)
  object space 189952K, 26% used [0x00000000a0000000,0x00000000a309a1d0,0x00000000ab980000)
 Metaspace       used 83794K, capacity 86478K, committed 88832K, reserved 1126400K
  class space    used 10986K, capacity 11508K, committed 12032K, reserved 1048576K

Card table byte_map: [0x0000000012f50000,0x0000000013260000] byte_map_base: 0x0000000012a50000

Marking Bits: (ParMarkBitMap*) 0x0000000076f6a6d0
 Begin Bits: [0x0000000013c60000, 0x0000000015460000)
 End Bits:   [0x0000000015460000, 0x0000000016c60000)

Polling page: 0x0000000003810000

CodeCache: size=245760Kb used=44889Kb max_used=44903Kb free=200870Kb
 bounds [0x0000000003b90000, 0x00000000067b0000, 0x0000000012b90000]
 total_blobs=15013 nmethods=14149 adapters=774
 compilation: enabled

Compilation events (10 events):
Event: 4607.635 Thread 0x00000000198aa000 nmethod 17405 0x0000000006794b50 code [0x0000000006794ca0, 0x0000000006794e58]
Event: 4607.654 Thread 0x00000000198b1000 17406       4       com.android.tools.r8.graph.DexValue$NestedDexValue::<init> (6 bytes)
Event: 4607.655 Thread 0x00000000198b1000 nmethod 17406 0x0000000005d86650 code [0x0000000005d86780, 0x0000000005d867f8]
Event: 4607.668 Thread 0x000000001795a000 17407       4       com.android.tools.r8.dex.DexParser$AttributesAndAnnotations::getAnnotations (56 bytes)
Event: 4607.669 Thread 0x00000000198aa000 17408       4       com.android.tools.r8.dex.DexParser$$Lambda$805/863504220::get (8 bytes)
Event: 4607.673 Thread 0x000000001795a000 nmethod 17407 0x000000000679a510 code [0x000000000679a680, 0x000000000679a9d8]
Event: 4607.675 Thread 0x00000000198b1000 17409       4       com.android.tools.r8.graph.ClassKind::create (37 bytes)
Event: 4607.676 Thread 0x000000001795a000 17410       4       com.android.tools.r8.dex.DexParser::parseEncodedAnnotation (90 bytes)
Event: 4607.694 Thread 0x000000001795a000 nmethod 17410 0x000000000679ae50 code [0x000000000679b000, 0x000000000679b9e8]
Event: 4607.694 Thread 0x000000001795a000 17412       4       com.android.tools.r8.dex.DexParser::parseAnnotationSet (76 bytes)

GC Heap History (10 events):
Event: 359.695 GC heap before
{Heap before GC invocations=25 (full 3):
 PSYoungGen      total 208896K, used 191816K [0x00000000e0000000, 0x00000000f0380000, 0x0000000100000000)
  eden space 164864K, 99% used [0x00000000e0000000,0x00000000ea0c2138,0x00000000ea100000)
  from space 44032K, 61% used [0x00000000ea100000,0x00000000ebb8ffc0,0x00000000ecc00000)
  to   space 44544K, 0% used [0x00000000ed800000,0x00000000ed800000,0x00000000f0380000)
 ParOldGen       total 147968K, used 77435K [0x00000000a0000000, 0x00000000a9080000, 0x00000000e0000000)
  object space 147968K, 52% used [0x00000000a0000000,0x00000000a4b9eeb0,0x00000000a9080000)
 Metaspace       used 84326K, capacity 87952K, committed 88320K, reserved 1126400K
  class space    used 11221K, capacity 11923K, committed 12032K, reserved 1048576K
Event: 359.724 GC heap after
Heap after GC invocations=25 (full 3):
 PSYoungGen      total 214528K, used 43866K [0x00000000e0000000, 0x00000000f1400000, 0x0000000100000000)
  eden space 169984K, 0% used [0x00000000e0000000,0x00000000e0000000,0x00000000ea600000)
  from space 44544K, 98% used [0x00000000ed800000,0x00000000f02d6a28,0x00000000f0380000)
  to   space 51200K, 0% used [0x00000000ea600000,0x00000000ea600000,0x00000000ed800000)
 ParOldGen       total 147968K, used 81601K [0x00000000a0000000, 0x00000000a9080000, 0x00000000e0000000)
  object space 147968K, 55% used [0x00000000a0000000,0x00000000a4fb04d8,0x00000000a9080000)
 Metaspace       used 84326K, capacity 87952K, committed 88320K, reserved 1126400K
  class space    used 11221K, capacity 11923K, committed 12032K, reserved 1048576K
}
Event: 359.775 GC heap before
{Heap before GC invocations=26 (full 3):
 PSYoungGen      total 214528K, used 213043K [0x00000000e0000000, 0x00000000f1400000, 0x0000000100000000)
  eden space 169984K, 99% used [0x00000000e0000000,0x00000000ea536250,0x00000000ea600000)
  from space 44544K, 98% used [0x00000000ed800000,0x00000000f02d6a28,0x00000000f0380000)
  to   space 51200K, 0% used [0x00000000ea600000,0x00000000ea600000,0x00000000ed800000)
 ParOldGen       total 147968K, used 81601K [0x00000000a0000000, 0x00000000a9080000, 0x00000000e0000000)
  object space 147968K, 55% used [0x00000000a0000000,0x00000000a4fb04d8,0x00000000a9080000)
 Metaspace       used 84334K, capacity 87952K, committed 88320K, reserved 1126400K
  class space    used 11221K, capacity 11923K, committed 12032K, reserved 1048576K
Event: 359.807 GC heap after
Heap after GC invocations=26 (full 3):
 PSYoungGen      total 221184K, used 51175K [0x00000000e0000000, 0x00000000f5980000, 0x0000000100000000)
  eden space 169984K, 0% used [0x00000000e0000000,0x00000000e0000000,0x00000000ea600000)
  from space 51200K, 99% used [0x00000000ea600000,0x00000000ed7f9ff0,0x00000000ed800000)
  to   space 67584K, 0% used [0x00000000f1780000,0x00000000f1780000,0x00000000f5980000)
 ParOldGen       total 147968K, used 104727K [0x00000000a0000000, 0x00000000a9080000, 0x00000000e0000000)
  object space 147968K, 70% used [0x00000000a0000000,0x00000000a6645ea0,0x00000000a9080000)
 Metaspace       used 84334K, capacity 87952K, committed 88320K, reserved 1126400K
  class space    used 11221K, capacity 11923K, committed 12032K, reserved 1048576K
}
Event: 359.830 GC heap before
{Heap before GC invocations=27 (full 3):
 PSYoungGen      total 221184K, used 220999K [0x00000000e0000000, 0x00000000f5980000, 0x0000000100000000)
  eden space 169984K, 99% used [0x00000000e0000000,0x00000000ea5d7c28,0x00000000ea600000)
  from space 51200K, 99% used [0x00000000ea600000,0x00000000ed7f9ff0,0x00000000ed800000)
  to   space 67584K, 0% used [0x00000000f1780000,0x00000000f1780000,0x00000000f5980000)
 ParOldGen       total 147968K, used 104727K [0x00000000a0000000, 0x00000000a9080000, 0x00000000e0000000)
  object space 147968K, 70% used [0x00000000a0000000,0x00000000a6645ea0,0x00000000a9080000)
 Metaspace       used 84340K, capacity 87952K, committed 88320K, reserved 1126400K
  class space    used 11221K, capacity 11923K, committed 12032K, reserved 1048576K
Event: 359.862 GC heap after
Heap after GC invocations=27 (full 3):
 PSYoungGen      total 283648K, used 45131K [0x00000000e0000000, 0x00000000f6700000, 0x0000000100000000)
  eden space 216064K, 0% used [0x00000000e0000000,0x00000000e0000000,0x00000000ed300000)
  from space 67584K, 66% used [0x00000000f1780000,0x00000000f4392c58,0x00000000f5980000)
  to   space 70144K, 0% used [0x00000000ed300000,0x00000000ed300000,0x00000000f1780000)
 ParOldGen       total 147968K, used 109573K [0x00000000a0000000, 0x00000000a9080000, 0x00000000e0000000)
  object space 147968K, 74% used [0x00000000a0000000,0x00000000a6b01430,0x00000000a9080000)
 Metaspace       used 84340K, capacity 87952K, committed 88320K, reserved 1126400K
  class space    used 11221K, capacity 11923K, committed 12032K, reserved 1048576K
}
Event: 4600.877 GC heap before
{Heap before GC invocations=28 (full 3):
 PSYoungGen      total 283648K, used 261195K [0x00000000e0000000, 0x00000000f6700000, 0x0000000100000000)
  eden space 216064K, 100% used [0x00000000e0000000,0x00000000ed300000,0x00000000ed300000)
  from space 67584K, 66% used [0x00000000f1780000,0x00000000f4392c58,0x00000000f5980000)
  to   space 70144K, 0% used [0x00000000ed300000,0x00000000ed300000,0x00000000f1780000)
 ParOldGen       total 147968K, used 109573K [0x00000000a0000000, 0x00000000a9080000, 0x00000000e0000000)
  object space 147968K, 74% used [0x00000000a0000000,0x00000000a6b01430,0x00000000a9080000)
 Metaspace       used 84729K, capacity 88522K, committed 88832K, reserved 1126400K
  class space    used 11234K, capacity 11942K, committed 12032K, reserved 1048576K
Event: 4601.165 GC heap after
Heap after GC invocations=28 (full 3):
 PSYoungGen      total 286208K, used 17539K [0x00000000e0000000, 0x00000000f8a80000, 0x0000000100000000)
  eden space 216064K, 0% used [0x00000000e0000000,0x00000000e0000000,0x00000000ed300000)
  from space 70144K, 25% used [0x00000000ed300000,0x00000000ee420f58,0x00000000f1780000)
  to   space 68096K, 0% used [0x00000000f4800000,0x00000000f4800000,0x00000000f8a80000)
 ParOldGen       total 147968K, used 126279K [0x00000000a0000000, 0x00000000a9080000, 0x00000000e0000000)
  object space 147968K, 85% used [0x00000000a0000000,0x00000000a7b51d18,0x00000000a9080000)
 Metaspace       used 84729K, capacity 88522K, committed 88832K, reserved 1126400K
  class space    used 11234K, capacity 11942K, committed 12032K, reserved 1048576K
}
Event: 4601.166 GC heap before
{Heap before GC invocations=29 (full 4):
 PSYoungGen      total 286208K, used 17539K [0x00000000e0000000, 0x00000000f8a80000, 0x0000000100000000)
  eden space 216064K, 0% used [0x00000000e0000000,0x00000000e0000000,0x00000000ed300000)
  from space 70144K, 25% used [0x00000000ed300000,0x00000000ee420f58,0x00000000f1780000)
  to   space 68096K, 0% used [0x00000000f4800000,0x00000000f4800000,0x00000000f8a80000)
 ParOldGen       total 147968K, used 126279K [0x00000000a0000000, 0x00000000a9080000, 0x00000000e0000000)
  object space 147968K, 85% used [0x00000000a0000000,0x00000000a7b51d18,0x00000000a9080000)
 Metaspace       used 84729K, capacity 88522K, committed 88832K, reserved 1126400K
  class space    used 11234K, capacity 11942K, committed 12032K, reserved 1048576K
Event: 4601.966 GC heap after
Heap after GC invocations=29 (full 4):
 PSYoungGen      total 286208K, used 0K [0x00000000e0000000, 0x00000000f8a80000, 0x0000000100000000)
  eden space 216064K, 0% used [0x00000000e0000000,0x00000000e0000000,0x00000000ed300000)
  from space 70144K, 0% used [0x00000000ed300000,0x00000000ed300000,0x00000000f1780000)
  to   space 68096K, 0% used [0x00000000f4800000,0x00000000f4800000,0x00000000f8a80000)
 ParOldGen       total 189952K, used 49768K [0x00000000a0000000, 0x00000000ab980000, 0x00000000e0000000)
  object space 189952K, 26% used [0x00000000a0000000,0x00000000a309a1d0,0x00000000ab980000)
 Metaspace       used 83599K, capacity 86226K, committed 88832K, reserved 1126400K
  class space    used 10974K, capacity 11488K, committed 12032K, reserved 1048576K
}

Deoptimization events (10 events):
Event: 4602.618 Thread 0x000000001ed31000 Uncommon trap: reason=unstable_if action=reinterpret pc=0x0000000004654f50 method=java.lang.ref.SoftReference.get()Ljava/lang/Object; @ 6
Event: 4602.618 Thread 0x000000001ed3c800 Uncommon trap: reason=unstable_if action=reinterpret pc=0x0000000006552584 method=java.lang.ref.SoftReference.get()Ljava/lang/Object; @ 6
Event: 4602.618 Thread 0x000000001ed31000 Uncommon trap: reason=unstable_if action=reinterpret pc=0x0000000004d9aee0 method=java.util.concurrent.ConcurrentHashMap.replaceNode(Ljava/lang/Object;Ljava/lang/Object;Ljava/lang/Object;)Ljava/lang/Object; @ 136
Event: 4602.620 Thread 0x000000001ed31000 Uncommon trap: reason=unstable_if action=reinterpret pc=0x00000000042db3c8 method=java.lang.ref.SoftReference.get()Ljava/lang/Object; @ 6
Event: 4602.625 Thread 0x000000001ed31000 Uncommon trap: reason=unstable_if action=reinterpret pc=0x0000000006028b54 method=java.lang.ref.SoftReference.get()Ljava/lang/Object; @ 6
Event: 4603.295 Thread 0x000000001ba1c000 Uncommon trap: reason=unstable_if action=reinterpret pc=0x00000000063f6ee4 method=org.gradle.launcher.daemon.server.health.gc.GarbageCollectionStats.calculateRate(Ljava/util/Set;)D @ 74
Event: 4603.295 Thread 0x000000001ba1c000 Uncommon trap: reason=unstable_if action=reinterpret pc=0x00000000063e06ec method=org.gradle.launcher.daemon.server.health.gc.GarbageCollectionStats.calculateAverageUsage(Ljava/util/Set;)J @ 85
Event: 4603.609 Thread 0x000000001ed31000 Uncommon trap: reason=unstable_if action=reinterpret pc=0x00000000047e2840 method=java.lang.ref.SoftReference.get()Ljava/lang/Object; @ 6
Event: 4603.718 Thread 0x000000001ed31000 Uncommon trap: reason=unstable_if action=reinterpret pc=0x0000000003d44298 method=java.lang.ref.SoftReference.get()Ljava/lang/Object; @ 6
Event: 4607.235 Thread 0x000000001ea17000 Uncommon trap: reason=unstable_if action=reinterpret pc=0x0000000005700958 method=java.lang.ref.SoftReference.get()Ljava/lang/Object; @ 6

Internal exceptions (10 events):
Event: 4602.705 Thread 0x000000001ed31000 Exception <a 'java/lang/NoSuchMethodError': <clinit>> (0x00000000e0f1a430) thrown at [C:\re\workspace\8-2-build-windows-amd64-cygwin\jdk8u101\7261\hotspot\src\share\vm\prims\jni.cpp, line 1613]
Event: 4602.713 Thread 0x000000001ed31000 Exception <a 'java/lang/NoSuchMethodError': <clinit>> (0x00000000e1031240) thrown at [C:\re\workspace\8-2-build-windows-amd64-cygwin\jdk8u101\7261\hotspot\src\share\vm\prims\jni.cpp, line 1613]
Event: 4602.717 Thread 0x000000001ed31000 Exception <a 'java/lang/NoSuchMethodError': <clinit>> (0x00000000e1045180) thrown at [C:\re\workspace\8-2-build-windows-amd64-cygwin\jdk8u101\7261\hotspot\src\share\vm\prims\jni.cpp, line 1613]
Event: 4602.761 Thread 0x000000001ed31000 Exception <a 'java/lang/NoSuchMethodError': <clinit>> (0x00000000e1092788) thrown at [C:\re\workspace\8-2-build-windows-amd64-cygwin\jdk8u101\7261\hotspot\src\share\vm\prims\jni.cpp, line 1613]
Event: 4603.609 Thread 0x000000001ed31000 Implicit null exception at 0x00000000047e2278 to 0x00000000047e2819
Event: 4603.718 Thread 0x000000001ed31000 Implicit null exception at 0x0000000003d43d03 to 0x0000000003d44279
Event: 4603.855 Thread 0x000000001ea0e800 Exception <a 'sun/nio/fs/WindowsException'> (0x00000000e1d30fc8) thrown at [C:\re\workspace\8-2-build-windows-amd64-cygwin\jdk8u101\7261\hotspot\src\share\vm\prims\jni.cpp, line 709]
Event: 4604.546 Thread 0x000000001ea0e800 Exception <a 'sun/nio/fs/WindowsException'> (0x00000000e1e387c0) thrown at [C:\re\workspace\8-2-build-windows-amd64-cygwin\jdk8u101\7261\hotspot\src\share\vm\prims\jni.cpp, line 709]
Event: 4605.692 Thread 0x000000001ea16000 Exception <a 'sun/nio/fs/WindowsException'> (0x00000000e225daf8) thrown at [C:\re\workspace\8-2-build-windows-amd64-cygwin\jdk8u101\7261\hotspot\src\share\vm\prims\jni.cpp, line 709]
Event: 4607.235 Thread 0x000000001ea17000 Implicit null exception at 0x00000000056ff3fc to 0x0000000005700945

Events (10 events):
Event: 4607.225 loading class com/android/tools/r8/dex/DexParser$1 done
Event: 4607.235 Thread 0x000000001ea17000 Uncommon trap: trap_request=0xffffff65 fr.pc=0x0000000005700958
Event: 4607.235 Thread 0x000000001ea17000 DEOPT PACKING pc=0x0000000005700958 sp=0x00000000287fc680
Event: 4607.235 Thread 0x000000001ea17000 DEOPT UNPACKING pc=0x0000000003bd582a sp=0x00000000287fc5f8 mode 2
Event: 4607.283 Thread 0x00000000198b7800 flushing nmethod 0x0000000003e56510
Event: 4607.453 Thread 0x00000000198b7800 flushing nmethod 0x000000000409b410
Event: 4607.523 Thread 0x000000001ea17000 DEOPT PACKING pc=0x0000000005d55cb3 sp=0x00000000287feef0
Event: 4607.523 Thread 0x000000001ea17000 DEOPT UNPACKING pc=0x0000000003bd787f sp=0x00000000287fec38 mode 0
Event: 4607.689 Thread 0x000000001ea17000 DEOPT PACKING pc=0x0000000005d82b22 sp=0x00000000287fee20
Event: 4607.689 Thread 0x000000001ea17000 DEOPT UNPACKING pc=0x0000000003bd787f sp=0x00000000287feb50 mode 0


Dynamic libraries:
0x00007ff74b8e0000 - 0x00007ff74b917000 	D:\Program Files\Java\jdk1.8.0_101\bin\java.exe
0x00007ff8517e0000 - 0x00007ff8519d0000 	C:\Windows\SYSTEM32\ntdll.dll
0x00007ff84f940000 - 0x00007ff84f9f2000 	C:\Windows\System32\KERNEL32.DLL
0x00007ff84e770000 - 0x00007ff84ea13000 	C:\Windows\System32\KERNELBASE.dll
0x00007ff84f890000 - 0x00007ff84f933000 	C:\Windows\System32\ADVAPI32.DLL
0x00007ff84fa70000 - 0x00007ff84fb0e000 	C:\Windows\System32\msvcrt.dll
0x00007ff84fcb0000 - 0x00007ff84fd47000 	C:\Windows\System32\sechost.dll
0x00007ff8509d0000 - 0x00007ff850af0000 	C:\Windows\System32\RPCRT4.dll
0x00007ff839c20000 - 0x00007ff83a0d1000 	C:\Windows\System32\TSafeDoc64.dll
0x00007ff8504c0000 - 0x00007ff85052f000 	C:\Windows\System32\WS2_32.dll
0x00007ff850830000 - 0x00007ff8509c4000 	C:\Windows\System32\USER32.dll
0x00007ff84ea20000 - 0x00007ff84ea41000 	C:\Windows\System32\win32u.dll
0x00007ff850800000 - 0x00007ff850826000 	C:\Windows\System32\GDI32.dll
0x00007ff84f3d0000 - 0x00007ff84f564000 	C:\Windows\System32\gdi32full.dll
0x00007ff84f570000 - 0x00007ff84f60e000 	C:\Windows\System32\msvcp_win.dll
0x00007ff82f5b0000 - 0x00007ff82f6ae000 	C:\Windows\SYSTEM32\winhafnt64.dll
0x00007ff84f2d0000 - 0x00007ff84f3ca000 	C:\Windows\System32\ucrtbase.dll
0x00007ff850d70000 - 0x00007ff851455000 	C:\Windows\System32\SHELL32.dll
0x00007ff84ea50000 - 0x00007ff84ea9a000 	C:\Windows\System32\cfgmgr32.dll
0x00007ff84fd50000 - 0x00007ff84fdf9000 	C:\Windows\System32\shcore.dll
0x00007ff851460000 - 0x00007ff851796000 	C:\Windows\System32\combase.dll
0x00007ff84ead0000 - 0x00007ff84eb50000 	C:\Windows\System32\bcryptPrimitives.dll
0x00007ff84eb50000 - 0x00007ff84f2cf000 	C:\Windows\System32\windows.storage.dll
0x00007ff84e700000 - 0x00007ff84e71f000 	C:\Windows\System32\profapi.dll
0x00007ff84e720000 - 0x00007ff84e76a000 	C:\Windows\System32\powrprof.dll
0x00007ff84e6b0000 - 0x00007ff84e6c0000 	C:\Windows\System32\UMPDC.dll
0x00007ff84fc50000 - 0x00007ff84fca2000 	C:\Windows\System32\shlwapi.dll
0x00007ff84e6c0000 - 0x00007ff84e6d1000 	C:\Windows\System32\kernel.appcore.dll
0x00007ff84f870000 - 0x00007ff84f887000 	C:\Windows\System32\cryptsp.dll
0x00007ff850c10000 - 0x00007ff850d66000 	C:\Windows\System32\ole32.dll
0x00007ff84fb10000 - 0x00007ff84fbd4000 	C:\Windows\System32\OLEAUT32.dll
0x00007ff83c330000 - 0x00007ff83c3b9000 	C:\Windows\SYSTEM32\WINSPOOL.DRV
0x00007ff84eaa0000 - 0x00007ff84eac6000 	C:\Windows\System32\bcrypt.dll
0x00007ff841ae0000 - 0x00007ff841aea000 	C:\Windows\SYSTEM32\VERSION.dll
0x00007ff839c00000 - 0x00007ff839c1b000 	C:\Windows\SYSTEM32\MPR.dll
0x00007ff83c030000 - 0x00007ff83c2b5000 	C:\Windows\WinSxS\amd64_microsoft.windows.common-controls_6595b64144ccf1df_6.0.18362.657_none_e6c5b579130e3898\COMCTL32.dll
0x00007ff84c380000 - 0x00007ff84c46f000 	C:\Windows\SYSTEM32\PROPSYS.dll
0x00007ff84dc00000 - 0x00007ff84dc3a000 	C:\Windows\SYSTEM32\IPHLPAPI.DLL
0x00007ff8506e0000 - 0x00007ff85070e000 	C:\Windows\System32\IMM32.DLL
0x00007ff8398f0000 - 0x00007ff839afe000 	C:\Windows\System32\DtFrame64.dll
0x00007ff8507e0000 - 0x00007ff8507fd000 	C:\Windows\System32\Imagehlp.dll
0x00007ff82f960000 - 0x00007ff82fa50000 	C:\Windows\SYSTEM32\TMailHook64.dll
0x00007ff82f930000 - 0x00007ff82f954000 	C:\Windows\SYSTEM32\hlink.dll
0x00007ff850af0000 - 0x00007ff850af8000 	C:\Windows\System32\psapi.dll
0x0000000050310000 - 0x00000000503e2000 	D:\Program Files\Java\jdk1.8.0_101\jre\bin\msvcr100.dll
0x0000000076750000 - 0x0000000076fea000 	D:\Program Files\Java\jdk1.8.0_101\jre\bin\server\jvm.dll
0x00007ff835210000 - 0x00007ff835219000 	C:\Windows\SYSTEM32\WSOCK32.dll
0x00007ff849b70000 - 0x00007ff849b94000 	C:\Windows\SYSTEM32\WINMM.dll
0x00007ff849b40000 - 0x00007ff849b6d000 	C:\Windows\SYSTEM32\WINMMBASE.dll
0x0000000051240000 - 0x000000005124f000 	D:\Program Files\Java\jdk1.8.0_101\jre\bin\verify.dll
0x0000000051210000 - 0x0000000051239000 	D:\Program Files\Java\jdk1.8.0_101\jre\bin\java.dll
0x0000000051110000 - 0x0000000051126000 	D:\Program Files\Java\jdk1.8.0_101\jre\bin\zip.dll
0x00000000510f0000 - 0x000000005110a000 	D:\Program Files\Java\jdk1.8.0_101\jre\bin\net.dll
0x00007ff84def0000 - 0x00007ff84df57000 	C:\Windows\system32\mswsock.dll
0x00000000510d0000 - 0x00000000510e1000 	D:\Program Files\Java\jdk1.8.0_101\jre\bin\nio.dll
0x00007ff846d20000 - 0x00007ff846d3e000 	C:\Users\Administrator.B40FD011907028\.gradle\native\25\windows-amd64\native-platform.dll
0x00000000510c0000 - 0x00000000510cd000 	D:\Program Files\Java\jdk1.8.0_101\jre\bin\management.dll
0x00007ff84da60000 - 0x00007ff84da93000 	C:\Windows\system32\rsaenh.dll
0x00007ff84e5d0000 - 0x00007ff84e5f5000 	C:\Windows\SYSTEM32\USERENV.dll
0x00007ff84e0c0000 - 0x00007ff84e0cc000 	C:\Windows\SYSTEM32\CRYPTBASE.dll
0x00007ff84fc40000 - 0x00007ff84fc48000 	C:\Windows\System32\NSI.dll
0x00007ff847880000 - 0x00007ff847896000 	C:\Windows\SYSTEM32\dhcpcsvc6.DLL
0x00007ff847810000 - 0x00007ff84782c000 	C:\Windows\SYSTEM32\dhcpcsvc.DLL
0x00007ff84dc40000 - 0x00007ff84dd0a000 	C:\Windows\SYSTEM32\DNSAPI.dll
0x00007ff82ea80000 - 0x00007ff82eab1000 	C:\Windows\SYSTEM32\TIjtdrvd64.dll

VM Arguments:
jvm_args: -Xmx1536m -Dfile.encoding=GBK -Duser.country=CN -Duser.language=zh -Duser.variant 
java_command: org.gradle.launcher.daemon.bootstrap.GradleDaemon 4.10.1
java_class_path (initial): C:\Users\Administrator.B40FD011907028\.gradle\wrapper\dists\gradle-4.10.1-all\455itskqi2qtf0v2sja68alqd\gradle-4.10.1\lib\gradle-launcher-4.10.1.jar
Launcher Type: SUN_STANDARD

Environment Variables:
JAVA_HOME=D:\Program Files\Java\jdk1.8.0_101
PATH=D:\python\anaconda;D:\python\anaconda\Library\mingw-w64\bin;D:\python\anaconda\Library\usr\bin;D:\python\anaconda\Library\bin;D:\python\anaconda\Scripts;D:\app\oracle\product\12.1.0\dbhome_1\bin;C:\ProgramData\Oracle\Java\javapath;C:\Windows\system32;C:\Windows;C:\Windows\System32\Wbem;C:\Windows\System32\WindowsPowerShell\v1.0\;C:\Windows\System32\OpenSSH\;C:\Program Files\Microsoft SQL Server\Client SDK\ODBC\130\Tools\Binn\;D:\sql\140\Tools\Binn\;C:\Program Files\Microsoft SQL Server\140\Tools\Binn\;C:\Program Files\Microsoft SQL Server\140\DTS\Binn\;C:\Program Files\Microsoft SQL Server\Client SDK\ODBC\110\Tools\Binn\;C:\Program Files (x86)\Microsoft SQL Server\120\Tools\Binn\ManagementStudio\;C:\Program Files (x86)\Microsoft SQL Server\120\Tools\Binn\;C:\Program Files\Microsoft SQL Server\120\Tools\Binn\;C:\Program Files (x86)\Microsoft SQL Server\120\DTS\Binn\;C:\Program Files\Microsoft SQL Server\120\DTS\Binn\;C:\Program Files\dotnet\;C:\Program Files\Microsoft SQL Server\130\Tools\Binn\;C:\Program Files\Microsoft SQL Server\Client SDK\ODBC\170\Tools\Binn\;D:\Program Files\Java\jdk1.8.0_101\bin;D:\Program Files\TortoiseSVN\bin;D:\AndroidStudio\ninja.exe;C:\Users\Administrator.B40FD011907028\AppData\Local\Programs\Python\Python37\Scripts\;C:\Users\Administrator.B40FD011907028\AppData\Local\Programs\Python\Python37\;C:\Users\Administrator.B40FD011907028\AppData\Local\Microsoft\WindowsApps;;D:\Users\Administrator.B40FD011907028\AppData\Local\Programs\Microsoft VS Code\bin
USERNAME=M00001289
OS=Windows_NT
PROCESSOR_IDENTIFIER=Intel64 Family 6 Model 142 Stepping 11, GenuineIntel



---------------  S Y S T E M  ---------------

OS: Windows 10.0 , 64 bit Build 18362 (10.0.18362.329)

CPU:total 8 (4 cores per cpu, 2 threads per core) family 6 model 142 stepping 11, cmov, cx8, fxsr, mmx, sse, sse2, sse3, ssse3, sse4.1, sse4.2, popcnt, avx, avx2, aes, clmul, erms, 3dnowpref, lzcnt, ht, tsc, tscinvbit, bmi1, bmi2, adx

Memory: 4k page, physical 8191128k(446624k free), swap 21298580k(0k free)

vm_info: Java HotSpot(TM) 64-Bit Server VM (25.101-b13) for windows-amd64 JRE (1.8.0_101-b13), built on Jun 22 2016 01:21:29 by "java_re" with MS VC++ 10.0 (VS2010)

time: Wed Feb 26 15:29:40 2020
elapsed time: 4607 seconds (0d 1h 16m 47s)

