#
# There is insufficient memory for the Java Runtime Environment to continue.
# Native memory allocation (malloc) failed to allocate 1077120 bytes for Chunk::new
# Possible reasons:
#   The system is out of physical RAM or swap space
#   In 32 bit mode, the process size limit was hit
# Possible solutions:
#   Reduce memory load on the system
#   Increase physical memory or swap space
#   Check if swap backing store is full
#   Use 64 bit Java on a 64 bit OS
#   Decrease Java heap size (-Xmx/-Xms)
#   Decrease number of Java threads
#   Decrease Java thread stack sizes (-Xss)
#   Set larger code cache with -XX:ReservedCodeCacheSize=
# This output file may be truncated or incomplete.
#
#  Out of Memory Error (allocation.cpp:390), pid=21956, tid=0x00000000000051dc
#
# JRE version: Java(TM) SE Runtime Environment (8.0_101-b13) (build 1.8.0_101-b13)
# Java VM: Java HotSpot(TM) 64-Bit Server VM (25.101-b13 mixed mode windows-amd64 compressed oops)
# Failed to write core dump. Minidumps are not enabled by default on client versions of Windows
#

---------------  T H R E A D  ---------------

Current thread (0x000000001998c800):  JavaThread "C2 CompilerThread1" daemon [_thread_in_native, id=20956, stack(0x000000001a170000,0x000000001a270000)]

Stack: [0x000000001a170000,0x000000001a270000]
[error occurred during error reporting (printing stack bounds), id 0xc0000005]

Native frames: (J=compiled Java code, j=interpreted, Vv=VM code, C=native code)


Current CompileTask:
C2:  12618 2241       4       org.codehaus.groovy.runtime.metaclass.MetaMethodIndex::addMethodToList (298 bytes)


---------------  P R O C E S S  ---------------

Java Threads: ( => current thread )
  0x000000001999c800 JavaThread "Cache worker for journal cache (C:\Users\Administrator.B40FD011907028\.gradle\caches\journal-1)" [_thread_blocked, id=6696, stack(0x000000001f3b0000,0x000000001f4b0000)]
  0x000000001999b800 JavaThread "Cache worker for file hash cache (D:\asdemo\report\report\.gradle\4.10.1\fileHashes)" [_thread_blocked, id=21132, stack(0x000000001f2b0000,0x000000001f3b0000)]
  0x000000001999e000 JavaThread "File lock request listener" [_thread_in_native, id=19788, stack(0x000000001e1e0000,0x000000001e2e0000)]
  0x000000001999a800 JavaThread "Cache worker for file hash cache (C:\Users\Administrator.B40FD011907028\.gradle\caches\4.10.1\fileHashes)" [_thread_blocked, id=22212, stack(0x000000001e0e0000,0x000000001e1e0000)]
  0x0000000019c78800 JavaThread "Stdin handler" [_thread_blocked, id=21740, stack(0x000000001ce10000,0x000000001cf10000)]
  0x0000000019c78000 JavaThread "Asynchronous log dispatcher for DefaultDaemonConnection: socket connection from /127.0.0.1:59149 to /127.0.0.1:59150" [_thread_blocked, id=24596, stack(0x000000001cd10000,0x000000001ce10000)]
  0x000000001aeaf000 JavaThread "Daemon worker" [_thread_in_vm, id=23164, stack(0x000000001cc10000,0x000000001cd10000)]
  0x000000001ad98800 JavaThread "Cancel handler" [_thread_blocked, id=21540, stack(0x000000001cb10000,0x000000001cc10000)]
  0x000000001af0e800 JavaThread "Handler for socket connection from /127.0.0.1:59149 to /127.0.0.1:59150" [_thread_in_native, id=18292, stack(0x000000001c810000,0x000000001c910000)]
  0x000000001af0d800 JavaThread "Daemon" [_thread_blocked, id=22540, stack(0x000000001c710000,0x000000001c810000)]
  0x00000000199be000 JavaThread "Daemon periodic checks" [_thread_blocked, id=18864, stack(0x000000001c610000,0x000000001c710000)]
  0x000000001af1a000 JavaThread "Incoming local TCP Connector on port 59149" [_thread_in_native, id=16984, stack(0x000000001c460000,0x000000001c560000)]
  0x000000001bb01800 JavaThread "Daemon health stats" [_thread_blocked, id=19228, stack(0x000000001c140000,0x000000001c240000)]
  0x0000000019a31800 JavaThread "Service Thread" daemon [_thread_blocked, id=17972, stack(0x000000001a470000,0x000000001a570000)]
  0x00000000199a1800 JavaThread "C1 CompilerThread3" daemon [_thread_blocked, id=3980, stack(0x000000001a370000,0x000000001a470000)]
  0x000000001999f800 JavaThread "C2 CompilerThread2" daemon [_thread_blocked, id=14924, stack(0x000000001a270000,0x000000001a370000)]
=>0x000000001998c800 JavaThread "C2 CompilerThread1" daemon [_thread_in_native, id=20956, stack(0x000000001a170000,0x000000001a270000)]
  0x0000000017a1b800 JavaThread "C2 CompilerThread0" daemon [_thread_in_native, id=952, stack(0x000000001a070000,0x000000001a170000)]
  0x0000000019988000 JavaThread "Attach Listener" daemon [_thread_blocked, id=7840, stack(0x0000000019f70000,0x000000001a070000)]
  0x000000001993b800 JavaThread "Signal Dispatcher" daemon [_thread_blocked, id=12996, stack(0x0000000019e70000,0x0000000019f70000)]
  0x0000000017a0d000 JavaThread "Finalizer" daemon [_thread_blocked, id=13456, stack(0x0000000019d00000,0x0000000019e00000)]
  0x0000000003c25000 JavaThread "Reference Handler" daemon [_thread_blocked, id=18624, stack(0x0000000019800000,0x0000000019900000)]
  0x0000000003a1e000 JavaThread "main" [_thread_blocked, id=21072, stack(0x0000000003a30000,0x0000000003b30000)]

Other Threads:
  0x0000000017a09000 VMThread [stack: 0x0000000019700000,0x0000000019800000] [id=24248]
  0x0000000019ab3000 WatcherThread [stack: 0x000000001a570000,0x000000001a670000] [id=25108]

VM state:not at safepoint (normal execution)

VM Mutex/Monitor currently owned by a thread: None

Heap:
 PSYoungGen      total 68096K, used 10491K [0x00000000e0000000, 0x00000000e4e00000, 0x0000000100000000)
  eden space 57344K, 9% used [0x00000000e0000000,0x00000000e051a350,0x00000000e3800000)
  from space 10752K, 48% used [0x00000000e4280000,0x00000000e47a49f0,0x00000000e4d00000)
  to   space 10752K, 0% used [0x00000000e3800000,0x00000000e3800000,0x00000000e4280000)
 ParOldGen       total 55808K, used 10349K [0x00000000a0000000, 0x00000000a3680000, 0x00000000e0000000)
  object space 55808K, 18% used [0x00000000a0000000,0x00000000a0a1b440,0x00000000a3680000)
 Metaspace       used 27556K, capacity 28052K, committed 28160K, reserved 1073152K
  class space    used 3873K, capacity 4069K, committed 4096K, reserved 1048576K

Card table byte_map: [0x0000000012ff0000,0x0000000013300000] byte_map_base: 0x0000000012af0000

Marking Bits: (ParMarkBitMap*) 0x0000000076f6a6d0
 Begin Bits: [0x0000000013d00000, 0x0000000015500000)
 End Bits:   [0x0000000015500000, 0x0000000016d00000)

Polling page: 0x00000000039e0000

CodeCache: size=245760Kb used=8048Kb max_used=8056Kb free=237711Kb
 bounds [0x0000000003c30000, 0x0000000004420000, 0x0000000012c30000]
 total_blobs=2822 nmethods=2154 adapters=580
 compilation: enabled

Compilation events (10 events):
Event: 12.583 Thread 0x00000000199a1800 2321   !   3       org.gradle.internal.service.DefaultServiceRegistry$FactoryService::bind (352 bytes)
Event: 12.589 Thread 0x00000000199a1800 nmethod 2321 0x000000000440e3d0 code [0x000000000440eae0, 0x0000000004413a48]
Event: 12.589 Thread 0x00000000199a1800 2322       3       org.gradle.internal.service.DefaultServiceRegistry$FactoryMethodService::getParameterTypes (10 bytes)
Event: 12.589 Thread 0x00000000199a1800 nmethod 2322 0x00000000043fe510 code [0x00000000043fe660, 0x00000000043fe890]
Event: 12.599 Thread 0x000000001999f800 2323       4       java.lang.ClassLoader::loadClass (7 bytes)
Event: 12.600 Thread 0x000000001999f800 nmethod 2323 0x0000000003fed450 code [0x0000000003fed580, 0x0000000003fed5f8]
Event: 12.601 Thread 0x00000000199a1800 2324       1       com.google.common.base.Suppliers$SupplierOfInstance::get (5 bytes)
Event: 12.601 Thread 0x00000000199a1800 nmethod 2324 0x00000000043fe250 code [0x00000000043fe3a0, 0x00000000043fe4b0]
Event: 12.607 Thread 0x00000000199a1800 2325       3       java.lang.reflect.Method::acquireMethodAccessor (44 bytes)
Event: 12.607 Thread 0x00000000199a1800 nmethod 2325 0x0000000004407190 code [0x0000000004407320, 0x0000000004407978]

GC Heap History (10 events):
Event: 10.676 GC heap before
{Heap before GC invocations=5 (full 0):
 PSYoungGen      total 37888K, used 37864K [0x00000000e0000000, 0x00000000e2a00000, 0x0000000100000000)
  eden space 32768K, 100% used [0x00000000e0000000,0x00000000e2000000,0x00000000e2000000)
  from space 5120K, 99% used [0x00000000e2500000,0x00000000e29fa040,0x00000000e2a00000)
  to   space 5120K, 0% used [0x00000000e2000000,0x00000000e2000000,0x00000000e2500000)
 ParOldGen       total 86016K, used 5862K [0x00000000a0000000, 0x00000000a5400000, 0x00000000e0000000)
  object space 86016K, 6% used [0x00000000a0000000,0x00000000a05b9ab0,0x00000000a5400000)
 Metaspace       used 19618K, capacity 20160K, committed 20352K, reserved 1067008K
  class space    used 2897K, capacity 3088K, committed 3200K, reserved 1048576K
Event: 10.684 GC heap after
Heap after GC invocations=5 (full 0):
 PSYoungGen      total 37376K, used 5096K [0x00000000e0000000, 0x00000000e3580000, 0x0000000100000000)
  eden space 32256K, 0% used [0x00000000e0000000,0x00000000e0000000,0x00000000e1f80000)
  from space 5120K, 99% used [0x00000000e2000000,0x00000000e24fa040,0x00000000e2500000)
  to   space 11264K, 0% used [0x00000000e2a80000,0x00000000e2a80000,0x00000000e3580000)
 ParOldGen       total 86016K, used 10031K [0x00000000a0000000, 0x00000000a5400000, 0x00000000e0000000)
  object space 86016K, 11% used [0x00000000a0000000,0x00000000a09cbc18,0x00000000a5400000)
 Metaspace       used 19618K, capacity 20160K, committed 20352K, reserved 1067008K
  class space    used 2897K, capacity 3088K, committed 3200K, reserved 1048576K
}
Event: 10.851 GC heap before
{Heap before GC invocations=6 (full 0):
 PSYoungGen      total 37376K, used 10191K [0x00000000e0000000, 0x00000000e3580000, 0x0000000100000000)
  eden space 32256K, 15% used [0x00000000e0000000,0x00000000e04f9e80,0x00000000e1f80000)
  from space 5120K, 99% used [0x00000000e2000000,0x00000000e24fa040,0x00000000e2500000)
  to   space 11264K, 0% used [0x00000000e2a80000,0x00000000e2a80000,0x00000000e3580000)
 ParOldGen       total 86016K, used 10031K [0x00000000a0000000, 0x00000000a5400000, 0x00000000e0000000)
  object space 86016K, 11% used [0x00000000a0000000,0x00000000a09cbc18,0x00000000a5400000)
 Metaspace       used 20698K, capacity 21152K, committed 21296K, reserved 1067008K
  class space    used 2970K, capacity 3120K, committed 3200K, reserved 1048576K
Event: 10.865 GC heap after
Heap after GC invocations=6 (full 0):
 PSYoungGen      total 43520K, used 5877K [0x00000000e0000000, 0x00000000e3580000, 0x0000000100000000)
  eden space 32256K, 0% used [0x00000000e0000000,0x00000000e0000000,0x00000000e1f80000)
  from space 11264K, 52% used [0x00000000e2a80000,0x00000000e303d770,0x00000000e3580000)
  to   space 5120K, 0% used [0x00000000e2000000,0x00000000e2000000,0x00000000e2500000)
 ParOldGen       total 86016K, used 10039K [0x00000000a0000000, 0x00000000a5400000, 0x00000000e0000000)
  object space 86016K, 11% used [0x00000000a0000000,0x00000000a09cdc18,0x00000000a5400000)
 Metaspace       used 20698K, capacity 21152K, committed 21296K, reserved 1067008K
  class space    used 2970K, capacity 3120K, committed 3200K, reserved 1048576K
}
Event: 10.865 GC heap before
{Heap before GC invocations=7 (full 1):
 PSYoungGen      total 43520K, used 5877K [0x00000000e0000000, 0x00000000e3580000, 0x0000000100000000)
  eden space 32256K, 0% used [0x00000000e0000000,0x00000000e0000000,0x00000000e1f80000)
  from space 11264K, 52% used [0x00000000e2a80000,0x00000000e303d770,0x00000000e3580000)
  to   space 5120K, 0% used [0x00000000e2000000,0x00000000e2000000,0x00000000e2500000)
 ParOldGen       total 86016K, used 10039K [0x00000000a0000000, 0x00000000a5400000, 0x00000000e0000000)
  object space 86016K, 11% used [0x00000000a0000000,0x00000000a09cdc18,0x00000000a5400000)
 Metaspace       used 20698K, capacity 21152K, committed 21296K, reserved 1067008K
  class space    used 2970K, capacity 3120K, committed 3200K, reserved 1048576K
Event: 10.936 GC heap after
Heap after GC invocations=7 (full 1):
 PSYoungGen      total 43520K, used 0K [0x00000000e0000000, 0x00000000e3580000, 0x0000000100000000)
  eden space 32256K, 0% used [0x00000000e0000000,0x00000000e0000000,0x00000000e1f80000)
  from space 11264K, 0% used [0x00000000e2a80000,0x00000000e2a80000,0x00000000e3580000)
  to   space 5120K, 0% used [0x00000000e2000000,0x00000000e2000000,0x00000000e2500000)
 ParOldGen       total 55808K, used 10333K [0x00000000a0000000, 0x00000000a3680000, 0x00000000e0000000)
  object space 55808K, 18% used [0x00000000a0000000,0x00000000a0a17440,0x00000000a3680000)
 Metaspace       used 20698K, capacity 21152K, committed 21296K, reserved 1067008K
  class space    used 2970K, capacity 3120K, committed 3200K, reserved 1048576K
}
Event: 11.750 GC heap before
{Heap before GC invocations=8 (full 1):
 PSYoungGen      total 43520K, used 32256K [0x00000000e0000000, 0x00000000e3580000, 0x0000000100000000)
  eden space 32256K, 100% used [0x00000000e0000000,0x00000000e1f80000,0x00000000e1f80000)
  from space 11264K, 0% used [0x00000000e2a80000,0x00000000e2a80000,0x00000000e3580000)
  to   space 5120K, 0% used [0x00000000e2000000,0x00000000e2000000,0x00000000e2500000)
 ParOldGen       total 55808K, used 10333K [0x00000000a0000000, 0x00000000a3680000, 0x00000000e0000000)
  object space 55808K, 18% used [0x00000000a0000000,0x00000000a0a17440,0x00000000a3680000)
 Metaspace       used 24719K, capacity 25226K, committed 25472K, reserved 1071104K
  class space    used 3481K, capacity 3640K, committed 3712K, reserved 1048576K
Event: 11.757 GC heap after
Heap after GC invocations=8 (full 1):
 PSYoungGen      total 37888K, used 3894K [0x00000000e0000000, 0x00000000e4d00000, 0x0000000100000000)
  eden space 32768K, 0% used [0x00000000e0000000,0x00000000e0000000,0x00000000e2000000)
  from space 5120K, 76% used [0x00000000e2000000,0x00000000e23cd950,0x00000000e2500000)
  to   space 10752K, 0% used [0x00000000e4280000,0x00000000e4280000,0x00000000e4d00000)
 ParOldGen       total 55808K, used 10341K [0x00000000a0000000, 0x00000000a3680000, 0x00000000e0000000)
  object space 55808K, 18% used [0x00000000a0000000,0x00000000a0a19440,0x00000000a3680000)
 Metaspace       used 24719K, capacity 25226K, committed 25472K, reserved 1071104K
  class space    used 3481K, capacity 3640K, committed 3712K, reserved 1048576K
}
Event: 12.509 GC heap before
{Heap before GC invocations=9 (full 1):
 PSYoungGen      total 37888K, used 36662K [0x00000000e0000000, 0x00000000e4d00000, 0x0000000100000000)
  eden space 32768K, 100% used [0x00000000e0000000,0x00000000e2000000,0x00000000e2000000)
  from space 5120K, 76% used [0x00000000e2000000,0x00000000e23cd950,0x00000000e2500000)
  to   space 10752K, 0% used [0x00000000e4280000,0x00000000e4280000,0x00000000e4d00000)
 ParOldGen       total 55808K, used 10341K [0x00000000a0000000, 0x00000000a3680000, 0x00000000e0000000)
  object space 55808K, 18% used [0x00000000a0000000,0x00000000a0a19440,0x00000000a3680000)
 Metaspace       used 27314K, capacity 27822K, committed 27904K, reserved 1073152K
  class space    used 3829K, capacity 4035K, committed 4096K, reserved 1048576K
Event: 12.529 GC heap after
Heap after GC invocations=9 (full 1):
 PSYoungGen      total 68096K, used 5266K [0x00000000e0000000, 0x00000000e4e00000, 0x0000000100000000)
  eden space 57344K, 0% used [0x00000000e0000000,0x00000000e0000000,0x00000000e3800000)
  from space 10752K, 48% used [0x00000000e4280000,0x00000000e47a49f0,0x00000000e4d00000)
  to   space 10752K, 0% used [0x00000000e3800000,0x00000000e3800000,0x00000000e4280000)
 ParOldGen       total 55808K, used 10349K [0x00000000a0000000, 0x00000000a3680000, 0x00000000e0000000)
  object space 55808K, 18% used [0x00000000a0000000,0x00000000a0a1b440,0x00000000a3680000)
 Metaspace       used 27314K, capacity 27822K, committed 27904K, reserved 1073152K
  class space    used 3829K, capacity 4035K, committed 4096K, reserved 1048576K
}

Deoptimization events (10 events):
Event: 11.289 Thread 0x000000001aeaf000 Uncommon trap: reason=class_check action=maybe_recompile pc=0x0000000003df527c method=sun.misc.URLClassPath.getLoader(I)Lsun/misc/URLClassPath$Loader; @ 193
Event: 11.305 Thread 0x000000001aeaf000 Uncommon trap: reason=class_check action=maybe_recompile pc=0x0000000003df527c method=sun.misc.URLClassPath.getLoader(I)Lsun/misc/URLClassPath$Loader; @ 193
Event: 11.625 Thread 0x000000001aeaf000 Uncommon trap: reason=unstable_if action=reinterpret pc=0x00000000040d37a0 method=java.util.HashMap.hash(Ljava/lang/Object;)I @ 1
Event: 11.788 Thread 0x000000001aeaf000 Uncommon trap: reason=unstable_if action=reinterpret pc=0x0000000003e96d78 method=java.util.HashMap.getNode(ILjava/lang/Object;)Ljava/util/HashMap$Node; @ 53
Event: 11.788 Thread 0x000000001aeaf000 Uncommon trap: reason=unstable_if action=reinterpret pc=0x000000000409aa4c method=java.util.HashMap.hash(Ljava/lang/Object;)I @ 1
Event: 11.788 Thread 0x000000001aeaf000 Uncommon trap: reason=unstable_if action=reinterpret pc=0x000000000409cb58 method=java.util.HashMap.putVal(ILjava/lang/Object;Ljava/lang/Object;ZZ)Ljava/lang/Object; @ 85
Event: 11.851 Thread 0x000000001aeaf000 Uncommon trap: reason=unstable_if action=reinterpret pc=0x0000000003edfdb0 method=java.util.LinkedHashMap.afterNodeInsertion(Z)V @ 1
Event: 12.201 Thread 0x000000001aeaf000 Uncommon trap: reason=class_check action=maybe_recompile pc=0x0000000003df50e8 method=sun.misc.URLClassPath.getLoader(I)Lsun/misc/URLClassPath$Loader; @ 94
Event: 12.212 Thread 0x000000001aeaf000 Uncommon trap: reason=class_check action=maybe_recompile pc=0x0000000003df2628 method=sun.misc.URLClassPath.getLoader(I)Lsun/misc/URLClassPath$Loader; @ 193
Event: 12.377 Thread 0x000000001aeaf000 Uncommon trap: reason=unstable_if action=reinterpret pc=0x0000000003ec8c0c method=java.io.WinNTFileSystem.resolve(Ljava/lang/String;Ljava/lang/String;)Ljava/lang/String; @ 49

Internal exceptions (10 events):
Event: 12.457 Thread 0x000000001aeaf000 Exception <a 'java/lang/ClassNotFoundException': org/gradle/api/internal/DefaultNamedDomainObjectCollectionBeanInfo> (0x00000000e1c24ac0) thrown at [C:\re\workspace\8-2-build-windows-amd64-cygwin\jdk8u101\7261\hotspot\src\share\vm\classfile\systemDictionar°¼õ«ê(@
Event: 12.458 Thread 0x000000001aeaf000 Exception <a 'java/lang/ClassNotFoundException': org/gradle/api/internal/DefaultDomainObjectCollectionBeanInfo> (0x00000000e1c53508) thrown at [C:\re\workspace\8-2-build-windows-amd64-cygwin\jdk8u101\7261\hotspot\src\share\vm\classfile\systemDictionary.cpp¤ŠâUÖê(@
Event: 12.459 Thread 0x000000001aeaf000 Exception <a 'java/lang/ClassNotFoundException': java/util/AbstractCollectionBeanInfo> (0x00000000e1c57510) thrown at [C:\re\workspace\8-2-build-windows-amd64-cygwin\jdk8u101\7261\hotspot\src\share\vm\classfile\systemDictionary.cpp, line 210]
Event: 12.459 Thread 0x000000001aeaf000 Exception <a 'java/lang/ClassNotFoundException': java/util/AbstractCollectionCustomizer> (0x00000000e1c5b528) thrown at [C:\re\workspace\8-2-build-windows-amd64-cygwin\jdk8u101\7261\hotspot\src\share\vm\classfile\systemDictionary.cpp, line 210]
Event: 12.462 Thread 0x000000001aeaf000 Exception <a 'java/lang/ClassNotFoundException': org/gradle/api/internal/DefaultDomainObjectCollectionCustomizer> (0x00000000e1c972d0) thrown at [C:\re\workspace\8-2-build-windows-amd64-cygwin\jdk8u101\7261\hotspot\src\share\vm\classfile\systemDictionary.c
Event: 12.466 Thread 0x000000001aeaf000 Exception <a 'java/lang/ClassNotFoundException': org/gradle/api/internal/DefaultNamedDomainObjectCollectionCustomizer> (0x00000000e1cf2798) thrown at [C:\re\workspace\8-2-build-windows-amd64-cygwin\jdk8u101\7261\hotspot\src\share\vm\classfile\systemDictionh\8’ñ(@
Event: 12.472 Thread 0x000000001aeaf000 Exception <a 'java/lang/ClassNotFoundException': org/gradle/api/internal/DefaultNamedDomainObjectListCustomizer> (0x00000000e1d68ed0) thrown at [C:\re\workspace\8-2-build-windows-amd64-cygwin\jdk8u101\7261\hotspot\src\share\vm\classfile\systemDictionary.cp‘ldÍó(@
Event: 12.476 Thread 0x000000001aeaf000 Exception <a 'java/lang/ClassNotFoundException': org/gradle/api/internal/artifacts/DefaultArtifactRepositoryContainerCustomizer> (0x00000000e1ddccf8) thrown at [C:\re\workspace\8-2-build-windows-amd64-cygwin\jdk8u101\7261\hotspot\src\share\vm\classfile\sysXï&ö(@
Event: 12.481 Thread 0x000000001aeaf000 Exception <a 'java/lang/ClassNotFoundException': org/gradle/api/internal/artifacts/dsl/DefaultRepositoryHandlerCustomizer> (0x00000000e1e42f48) thrown at [C:\re\workspace\8-2-build-windows-amd64-cygwin\jdk8u101\7261\hotspot\src\share\vm\classfile\systemDic½²Áx¼÷(@
Event: 12.484 Thread 0x000000001aeaf000 Exception <a 'java/lang/ClassNotFoundException': org/gradle/api/internal/artifacts/dsl/DefaultRepositoryHandler_DecoratedCustomizer> (0x00000000e1eb2490) thrown at [C:\re\workspace\8-2-build-windows-amd64-cygwin\jdk8u101\7261\hotspot\src\share\vm\classfile®Å]sýé(@

Events (10 events):
Event: 12.609 loading class org/gradle/vcs/internal/services/DefaultVersionControlRepositoryFactory
Event: 12.609 loading class org/gradle/vcs/internal/services/DefaultVersionControlRepositoryFactory done
Event: 12.610 loading class org/gradle/vcs/internal/VersionControlSystem
Event: 12.610 loading class org/gradle/vcs/internal/VersionControlSystem done
Event: 12.611 loading class org/gradle/vcs/internal/VersionControlRepositoryConnection
Event: 12.611 loading class org/gradle/vcs/internal/VersionControlRepositoryConnection done
Event: 12.612 loading class org/gradle/internal/resource/local/ModificationTimeFileAccessTimeJournal
Event: 12.612 loading class org/gradle/internal/resource/local/ModificationTimeFileAccessTimeJournal done
Event: 12.613 loading class org/gradle/cache/internal/CleanupActionFactory$BuildOperationCacheCleanupDecorator
Event: 12.613 loading class org/gradle/cache/internal/CleanupActionFactory$BuildOperationCacheCleanupDecorator done


Dynamic libraries:
0x00007ff74b8e0000 - 0x00007ff74b917000 	D:\Program Files\Java\jdk1.8.0_101\bin\java.exe
0x00007ff8517e0000 - 0x00007ff8519d0000 	C:\Windows\SYSTEM32\ntdll.dll
0x00007ff84f940000 - 0x00007ff84f9f2000 	C:\Windows\System32\KERNEL32.DLL
0x00007ff84e770000 - 0x00007ff84ea13000 	C:\Windows\System32\KERNELBASE.dll
0x00007ff84f890000 - 0x00007ff84f933000 	C:\Windows\System32\ADVAPI32.DLL
0x00007ff84fa70000 - 0x00007ff84fb0e000 	C:\Windows\System32\msvcrt.dll
0x00007ff84fcb0000 - 0x00007ff84fd47000 	C:\Windows\System32\sechost.dll
0x00007ff8509d0000 - 0x00007ff850af0000 	C:\Windows\System32\RPCRT4.dll
0x00007ff839c20000 - 0x00007ff83a0d1000 	C:\Windows\System32\TSafeDoc64.dll
0x00007ff82f5b0000 - 0x00007ff82f6ae000 	C:\Windows\SYSTEM32\winhafnt64.dll
0x00007ff8504c0000 - 0x00007ff85052f000 	C:\Windows\System32\WS2_32.dll
0x00007ff850830000 - 0x00007ff8509c4000 	C:\Windows\System32\USER32.dll
0x00007ff84ea20000 - 0x00007ff84ea41000 	C:\Windows\System32\win32u.dll
0x00007ff850800000 - 0x00007ff850826000 	C:\Windows\System32\GDI32.dll
0x00007ff84f3d0000 - 0x00007ff84f564000 	C:\Windows\System32\gdi32full.dll
0x00007ff84f570000 - 0x00007ff84f60e000 	C:\Windows\System32\msvcp_win.dll
0x00007ff84f2d0000 - 0x00007ff84f3ca000 	C:\Windows\System32\ucrtbase.dll
0x00007ff850d70000 - 0x00007ff851455000 	C:\Windows\System32\SHELL32.dll
0x00007ff84ea50000 - 0x00007ff84ea9a000 	C:\Windows\System32\cfgmgr32.dll
0x00007ff84fd50000 - 0x00007ff84fdf9000 	C:\Windows\System32\shcore.dll
0x00007ff851460000 - 0x00007ff851796000 	C:\Windows\System32\combase.dll
0x00007ff84ead0000 - 0x00007ff84eb50000 	C:\Windows\System32\bcryptPrimitives.dll
0x00007ff84eb50000 - 0x00007ff84f2cf000 	C:\Windows\System32\windows.storage.dll
0x00007ff84e700000 - 0x00007ff84e71f000 	C:\Windows\System32\profapi.dll
0x00007ff84e720000 - 0x00007ff84e76a000 	C:\Windows\System32\powrprof.dll
0x00007ff84e6b0000 - 0x00007ff84e6c0000 	C:\Windows\System32\UMPDC.dll
0x00007ff84fc50000 - 0x00007ff84fca2000 	C:\Windows\System32\shlwapi.dll
0x00007ff84e6c0000 - 0x00007ff84e6d1000 	C:\Windows\System32\kernel.appcore.dll
0x00007ff84f870000 - 0x00007ff84f887000 	C:\Windows\System32\cryptsp.dll
0x00007ff850c10000 - 0x00007ff850d66000 	C:\Windows\System32\ole32.dll
0x00007ff84fb10000 - 0x00007ff84fbd4000 	C:\Windows\System32\OLEAUT32.dll
0x00007ff83c330000 - 0x00007ff83c3b9000 	C:\Windows\SYSTEM32\WINSPOOL.DRV
0x00007ff841ae0000 - 0x00007ff841aea000 	C:\Windows\SYSTEM32\VERSION.dll
0x00007ff84eaa0000 - 0x00007ff84eac6000 	C:\Windows\System32\bcrypt.dll
0x00007ff84c380000 - 0x00007ff84c46f000 	C:\Windows\SYSTEM32\PROPSYS.dll
0x00007ff83c030000 - 0x00007ff83c2b5000 	C:\Windows\WinSxS\amd64_microsoft.windows.common-controls_6595b64144ccf1df_6.0.18362.657_none_e6c5b579130e3898\COMCTL32.dll
0x00007ff839c00000 - 0x00007ff839c1b000 	C:\Windows\SYSTEM32\MPR.dll
0x00007ff84dc00000 - 0x00007ff84dc3a000 	C:\Windows\SYSTEM32\IPHLPAPI.DLL
0x00007ff8506e0000 - 0x00007ff85070e000 	C:\Windows\System32\IMM32.DLL
0x00007ff8398f0000 - 0x00007ff839afe000 	C:\Windows\System32\DtFrame64.dll
0x00007ff8507e0000 - 0x00007ff8507fd000 	C:\Windows\System32\Imagehlp.dll
0x00007ff82f960000 - 0x00007ff82fa50000 	C:\Windows\SYSTEM32\TMailHook64.dll
0x00007ff82f930000 - 0x00007ff82f954000 	C:\Windows\SYSTEM32\hlink.dll
0x00007ff850af0000 - 0x00007ff850af8000 	C:\Windows\System32\psapi.dll
0x0000000050310000 - 0x00000000503e2000 	D:\Program Files\Java\jdk1.8.0_101\jre\bin\msvcr100.dll
0x0000000076750000 - 0x0000000076fea000 	D:\Program Files\Java\jdk1.8.0_101\jre\bin\server\jvm.dll
0x00007ff835210000 - 0x00007ff835219000 	C:\Windows\SYSTEM32\WSOCK32.dll
0x00007ff849b70000 - 0x00007ff849b94000 	C:\Windows\SYSTEM32\WINMM.dll
0x00007ff849b40000 - 0x00007ff849b6d000 	C:\Windows\SYSTEM32\WINMMBASE.dll
0x0000000051240000 - 0x000000005124f000 	D:\Program Files\Java\jdk1.8.0_101\jre\bin\verify.dll
0x0000000051210000 - 0x0000000051239000 	D:\Program Files\Java\jdk1.8.0_101\jre\bin\java.dll
0x0000000051110000 - 0x0000000051126000 	D:\Program Files\Java\jdk1.8.0_101\jre\bin\zip.dll
0x00000000510f0000 - 0x000000005110a000 	D:\Program Files\Java\jdk1.8.0_101\jre\bin\net.dll
0x00007ff84def0000 - 0x00007ff84df57000 	C:\Windows\system32\mswsock.dll
0x00000000510d0000 - 0x00000000510e1000 	D:\Program Files\Java\jdk1.8.0_101\jre\bin\nio.dll
0x00007ff846d20000 - 0x00007ff846d3e000 	C:\Users\Administrator.B40FD011907028\.gradle\native\25\windows-amd64\native-platform.dll
0x00000000510c0000 - 0x00000000510cd000 	D:\Program Files\Java\jdk1.8.0_101\jre\bin\management.dll
0x00007ff84da60000 - 0x00007ff84da93000 	C:\Windows\system32\rsaenh.dll
0x00007ff84e5d0000 - 0x00007ff84e5f5000 	C:\Windows\SYSTEM32\USERENV.dll
0x00007ff84e0c0000 - 0x00007ff84e0cc000 	C:\Windows\SYSTEM32\CRYPTBASE.dll
0x00007ff84fc40000 - 0x00007ff84fc48000 	C:\Windows\System32\NSI.dll
0x00007ff847880000 - 0x00007ff847896000 	C:\Windows\SYSTEM32\dhcpcsvc6.DLL
0x00007ff847810000 - 0x00007ff84782c000 	C:\Windows\SYSTEM32\dhcpcsvc.DLL
0x00007ff84dc40000 - 0x00007ff84dd0a000 	C:\Windows\SYSTEM32\DNSAPI.dll

VM Arguments:
jvm_args: -Xmx1536m -Dfile.encoding=GBK -Duser.country=CN -Duser.language=zh -Duser.variant 
java_command: org.gradle.launcher.daemon.bootstrap.GradleDaemon 4.10.1
java_class_path (initial): C:\Users\Administrator.B40FD011907028\.gradle\wrapper\dists\gradle-4.10.1-all\455itskqi2qtf0v2sja68alqd\gradle-4.10.1\lib\gradle-launcher-4.10.1.jar
Launcher Type: SUN_STANDARD

Environment Variables:
JAVA_HOME=D:\Program Files\Java\jdk1.8.0_101
PATH=D:\python\anaconda;D:\python\anaconda\Library\mingw-w64\bin;D:\python\anaconda\Library\usr\bin;D:\python\anaconda\Library\bin;D:\python\anaconda\Scripts;D:\app\oracle\product\12.1.0\dbhome_1\bin;C:\ProgramData\Oracle\Java\javapath;C:\Windows\system32;C:\Windows;C:\Windows\System32\Wbem;C:\Windows\System32\WindowsPowerShell\v1.0\;C:\Windows\System32\OpenSSH\;C:\Program Files\Microsoft SQL Server\Client SDK\ODBC\130\Tools\Binn\;D:\sql\140\Tools\Binn\;C:\Program Files\Microsoft SQL Server\140\Tools\Binn\;C:\Program Files\Microsoft SQL Server\140\DTS\Binn\;C:\Program Files\Microsoft SQL Server\Client SDK\ODBC\110\Tools\Binn\;C:\Program Files (x86)\Microsoft SQL Server\120\Tools\Binn\ManagementStudio\;C:\Program Files (x86)\Microsoft SQL Server\120\Tools\Binn\;C:\Program Files\Microsoft SQL Server\120\Tools\Binn\;C:\Program Files (x86)\Microsoft SQL Server\120\DTS\Binn\;C:\Program Files\Microsoft SQL Server\120\DTS\Binn\;C:\Program Files\dotnet\;C:\Program Files\Microsoft SQL Server\130\Tools\Binn\;C:\Program Files\Microsoft SQL Server\Client SDK\ODBC\170\Tools\Binn\;D:\Program Files\Java\jdk1.8.0_101\bin;D:\Program Files\TortoiseSVN\bin;D:\AndroidStudio\ninja.exe;C:\Users\Administrator.B40FD011907028\AppData\Local\Programs\Python\Python37\Scripts\;C:\Users\Administrator.B40FD011907028\AppData\Local\Programs\Python\Python37\;C:\Users\Administrator.B40FD011907028\AppData\Local\Microsoft\WindowsApps;;D:\Users\Administrator.B40FD011907028\AppData\Local\Programs\Microsoft VS Code\bin
USERNAME=M00001289
OS=Windows_NT
PROCESSOR_IDENTIFIER=Intel64 Family 6 Model 142 Stepping 11, GenuineIntel



---------------  S Y S T E M  ---------------

OS: Windows 10.0 , 64 bit Build 18362 (10.0.18362.329)

CPU:total 8 (4 cores per cpu, 2 threads per core) family 6 model 142 stepping 11, cmov, cx8, fxsr, mmx, sse, sse2, sse3, ssse3, sse4.1, sse4.2, popcnt, avx, avx2, aes, clmul, erms, 3dnowpref, lzcnt, ht, tsc, tscinvbit, bmi1, bmi2, adx

Memory: 4k page, physical 8191128k(351460k free), swap 21298580k(5604k free)

vm_info: Java HotSpot(TM) 64-Bit Server VM (25.101-b13) for windows-amd64 JRE (1.8.0_101-b13), built on Jun 22 2016 01:21:29 by "java_re" with MS VC++ 10.0 (VS2010)

time: Wed Feb 26 15:36:28 2020
elapsed time: 12 seconds (0d 0h 0m 12s)

